<?xml version="1.0" encoding="UTF-8"?>
<!-- Generated by org.testng.reporters.JUnitXMLReporter -->
<testsuite hostname="C10516" ignored="0" tests="4" failures="0" timestamp="13 Dec 2024 11:33:13 GMT" time="5.021" errors="0">
  <testcase name="createBoard" time="2.942" classname="APITests"/>
  <testcase name="getBoard" time="0.422" classname="APITests"/>
  <testcase name="updateBoard" time="0.369" classname="APITests"/>
  <testcase name="deleteBoard" time="1.244" classname="APITests"/>
</testsuite>
